Determining if the pthread_create exist failed with the following output:
Change Dir: /home/khaled/Udacity/SFND/SFND_Lidar_Obstacle_Detection/src/quiz/cluster/build/CMakeFiles/CMakeTmp

Run Build Command:"/usr/bin/make" "cmTC_f2c1c/fast"
/usr/bin/make -f CMakeFiles/cmTC_f2c1c.dir/build.make CMakeFiles/cmTC_f2c1c.dir/build
make[1]: Entering directory '/home/khaled/Udacity/SFND/SFND_Lidar_Obstacle_Detection/src/quiz/cluster/build/CMakeFiles/CMakeTmp'
Building C object CMakeFiles/cmTC_f2c1c.dir/CheckSymbolExists.c.o
/usr/bin/cc     -o CMakeFiles/cmTC_f2c1c.dir/CheckSymbolExists.c.o   -c /home/khaled/Udacity/SFND/SFND_Lidar_Obstacle_Detection/src/quiz/cluster/build/CMakeFiles/CMakeTmp/CheckSymbolExists.c
Linking C executable cmTC_f2c1c
/usr/bin/cmake -E cmake_link_script CMakeFiles/cmTC_f2c1c.dir/link.txt --verbose=1
/usr/bin/cc       CMakeFiles/cmTC_f2c1c.dir/CheckSymbolExists.c.o  -o cmTC_f2c1c -rdynamic 
CMakeFiles/cmTC_f2c1c.dir/CheckSymbolExists.c.o: In function `main':
CheckSymbolExists.c:(.text+0x16): undefined reference to `pthread_create'
collect2: error: ld returned 1 exit status
CMakeFiles/cmTC_f2c1c.dir/build.make:97: recipe for target 'cmTC_f2c1c' failed
make[1]: *** [cmTC_f2c1c] Error 1
make[1]: Leaving directory '/home/khaled/Udacity/SFND/SFND_Lidar_Obstacle_Detection/src/quiz/cluster/build/CMakeFiles/CMakeTmp'
Makefile:126: recipe for target 'cmTC_f2c1c/fast' failed
make: *** [cmTC_f2c1c/fast] Error 2

File /home/khaled/Udacity/SFND/SFND_Lidar_Obstacle_Detection/src/quiz/cluster/build/CMakeFiles/CMakeTmp/CheckSymbolExists.c:
/* */
#include <pthread.h>

int main(int argc, char** argv)
{
  (void)argv;
#ifndef pthread_create
  return ((int*)(&pthread_create))[argc];
#else
  (void)argc;
  return 0;
#endif
}

Determining if the function pthread_create exists in the pthreads failed with the following output:
Change Dir: /home/khaled/Udacity/SFND/SFND_Lidar_Obstacle_Detection/src/quiz/cluster/build/CMakeFiles/CMakeTmp

Run Build Command:"/usr/bin/make" "cmTC_ae460/fast"
/usr/bin/make -f CMakeFiles/cmTC_ae460.dir/build.make CMakeFiles/cmTC_ae460.dir/build
make[1]: Entering directory '/home/khaled/Udacity/SFND/SFND_Lidar_Obstacle_Detection/src/quiz/cluster/build/CMakeFiles/CMakeTmp'
Building C object CMakeFiles/cmTC_ae460.dir/CheckFunctionExists.c.o
/usr/bin/cc    -DCHECK_FUNCTION_EXISTS=pthread_create   -o CMakeFiles/cmTC_ae460.dir/CheckFunctionExists.c.o   -c /usr/share/cmake-3.5/Modules/CheckFunctionExists.c
Linking C executable cmTC_ae460
/usr/bin/cmake -E cmake_link_script CMakeFiles/cmTC_ae460.dir/link.txt --verbose=1
/usr/bin/cc   -DCHECK_FUNCTION_EXISTS=pthread_create    CMakeFiles/cmTC_ae460.dir/CheckFunctionExists.c.o  -o cmTC_ae460 -rdynamic -lpthreads 
/usr/bin/ld: cannot find -lpthreads
collect2: error: ld returned 1 exit status
CMakeFiles/cmTC_ae460.dir/build.make:97: recipe for target 'cmTC_ae460' failed
make[1]: *** [cmTC_ae460] Error 1
make[1]: Leaving directory '/home/khaled/Udacity/SFND/SFND_Lidar_Obstacle_Detection/src/quiz/cluster/build/CMakeFiles/CMakeTmp'
Makefile:126: recipe for target 'cmTC_ae460/fast' failed
make: *** [cmTC_ae460/fast] Error 2


